<?xml version="1.0" encoding="UTF-8"?>
<!-- Generated by org.testng.reporters.JUnitXMLReporter -->
<testsuite ignored="1" hostname="DESKTOP-S5LVNE2" failures="0" tests="2" name="GRP-regression" time="0.231" errors="0" timestamp="2025-02-27T11:54:27 IST">
  <testcase classname="TestNgPackage.TestNGTest2" name="test5" time="0.051"/>
  <testcase classname="TestNgPackage.TestNGTest2" name="test6" time="0.006"/>
  <testcase classname="TestNgPackage.TestNGTest2" name="test4" time="0.0">
    <ignored/>
  </testcase> <!-- test4 -->
</testsuite> <!-- GRP-regression -->
